<?xml version="1.0" encoding="UTF-8"?>
<robot generator="Robot 7.3.2 (Python 3.14.0 on win32)" generated="2025-12-19T03:14:44.097133" rpa="false" schemaversion="5">
<suite id="s1" name="Login" source="c:\Users\igorm\Desktop\academy-github-actions-versao-alunos-main\robot-framework-testes-frontend\tests\login\login.robot">
<kw name="Abrir Navegador" owner="common" type="SETUP">
<kw name="Open Browser" owner="SeleniumLibrary">
<msg time="2025-12-19T03:14:46.364213" level="INFO">Opening browser 'Chrome' to base url 'https://blacklist.qacoders.dev.br'.</msg>
<arg>${BASE_URL_UI}</arg>
<arg>Chrome</arg>
<doc>Opens a new browser instance to the optional ``url``.</doc>
<status status="PASS" start="2025-12-19T03:14:46.363460" elapsed="7.117938"/>
</kw>
<kw name="Maximize Browser Window" owner="SeleniumLibrary">
<doc>Maximizes current browser window.</doc>
<status status="PASS" start="2025-12-19T03:14:53.482118" elapsed="0.087592"/>
</kw>
<status status="PASS" start="2025-12-19T03:14:46.361576" elapsed="7.208743"/>
</kw>
<test id="s1-t1" name="Cenario 01: Realizar Login com Sucesso" line="9">
<kw name="Realizar Login" owner="login">
<kw name="Go To" owner="SeleniumLibrary">
<msg time="2025-12-19T03:14:53.575556" level="INFO">Opening url 'https://blacklist.qacoders.dev.br/login'</msg>
<arg>${BASE_URL_UI}/login</arg>
<doc>Navigates the current browser window to the provided ``url``.</doc>
<status status="PASS" start="2025-12-19T03:14:53.574595" elapsed="1.548563"/>
</kw>
<kw name="Wait Until Element Is Visible" owner="SeleniumLibrary">
<arg>id:email</arg>
<arg>timeout=10s</arg>
<doc>Waits until the element ``locator`` is visible.</doc>
<status status="PASS" start="2025-12-19T03:14:55.123903" elapsed="0.125179"/>
</kw>
<kw name="Input Text" owner="SeleniumLibrary">
<msg time="2025-12-19T03:14:55.250748" level="INFO">Typing text 'sysadmin@qacoders.com' into text field 'id:email'.</msg>
<arg>id:email</arg>
<arg>${FRONTEND_EMAIL}</arg>
<doc>Types the given ``text`` into the text field identified by ``locator``.</doc>
<status status="PASS" start="2025-12-19T03:14:55.249805" elapsed="0.456315"/>
</kw>
<kw name="Wait Until Element Is Visible" owner="SeleniumLibrary">
<arg>id:password</arg>
<arg>timeout=10s</arg>
<doc>Waits until the element ``locator`` is visible.</doc>
<status status="PASS" start="2025-12-19T03:14:55.706764" elapsed="0.051973"/>
</kw>
<kw name="Input Text" owner="SeleniumLibrary">
<msg time="2025-12-19T03:14:55.760142" level="INFO">Typing text '1234@Test' into text field 'id:password'.</msg>
<arg>id:password</arg>
<arg>${FRONTEND_PASSWORD}</arg>
<doc>Types the given ``text`` into the text field identified by ``locator``.</doc>
<status status="PASS" start="2025-12-19T03:14:55.759378" elapsed="0.216435"/>
</kw>
<kw name="Wait Until Element Is Visible" owner="SeleniumLibrary">
<arg>id:login</arg>
<arg>timeout=10s</arg>
<doc>Waits until the element ``locator`` is visible.</doc>
<status status="PASS" start="2025-12-19T03:14:55.976518" elapsed="0.040906"/>
</kw>
<kw name="Click Button" owner="SeleniumLibrary">
<msg time="2025-12-19T03:14:56.018757" level="INFO">Clicking button 'id:login'.</msg>
<arg>id:login</arg>
<doc>Clicks the button identified by ``locator``.</doc>
<status status="PASS" start="2025-12-19T03:14:56.018086" elapsed="0.198838"/>
</kw>
<status status="PASS" start="2025-12-19T03:14:53.572737" elapsed="2.644766"/>
</kw>
<kw name="Verificar Redirecionamento Para Home" owner="login">
<kw name="Wait Until Location Is" owner="SeleniumLibrary">
<arg>${BASE_URL_UI}/home</arg>
<arg>timeout=10s</arg>
<doc>Waits until the current URL is ``expected``.</doc>
<status status="PASS" start="2025-12-19T03:14:56.220304" elapsed="1.500603"/>
</kw>
<kw name="Location Should Be" owner="SeleniumLibrary">
<msg time="2025-12-19T03:14:57.743443" level="INFO">Current location is 'https://blacklist.qacoders.dev.br/home'.</msg>
<arg>${BASE_URL_UI}/home</arg>
<doc>Verifies that the current URL is exactly ``url``.</doc>
<status status="PASS" start="2025-12-19T03:14:57.721670" elapsed="0.022529"/>
</kw>
<status status="PASS" start="2025-12-19T03:14:56.218758" elapsed="1.527870"/>
</kw>
<kw name="Verificar Elemento Cadastros Visivel" owner="login">
<kw name="Wait Until Element Is Visible" owner="SeleniumLibrary">
<arg>id:Cadastros</arg>
<arg>timeout=10s</arg>
<doc>Waits until the element ``locator`` is visible.</doc>
<status status="PASS" start="2025-12-19T03:14:57.754401" elapsed="0.171555"/>
</kw>
<kw name="Element Text Should Be" owner="SeleniumLibrary">
<msg time="2025-12-19T03:14:57.927420" level="INFO">Verifying element 'id:Cadastros' contains exact text 'Cadastros'.</msg>
<arg>id:Cadastros</arg>
<arg>Cadastros</arg>
<doc>Verifies that element ``locator`` contains exact the text ``expected``.</doc>
<status status="PASS" start="2025-12-19T03:14:57.926597" elapsed="0.071890"/>
</kw>
<status status="PASS" start="2025-12-19T03:14:57.752096" elapsed="0.247038"/>
</kw>
<status status="PASS" start="2025-12-19T03:14:53.570768" elapsed="4.429537"/>
</test>
<kw name="Fechar Navegador" owner="common" type="TEARDOWN">
<kw name="Close Browser" owner="SeleniumLibrary">
<doc>Closes the current browser.</doc>
<status status="PASS" start="2025-12-19T03:14:58.005470" elapsed="2.453558"/>
</kw>
<status status="PASS" start="2025-12-19T03:14:58.004468" elapsed="2.455054"/>
</kw>
<status status="PASS" start="2025-12-19T03:14:44.124245" elapsed="16.335486"/>
</suite>
<statistics>
<total>
<stat pass="1" fail="0" skip="0">All Tests</stat>
</total>
<tag>
</tag>
<suite>
<stat name="Login" id="s1" pass="1" fail="0" skip="0">Login</stat>
</suite>
</statistics>
<errors>
</errors>
</robot>
